e:\hk hè\git game\ctfinalgame\ctfinalgame\ctfinalgame\debug\vc120.pdb
e:\hk hè\git game\ctfinalgame\ctfinalgame\ctfinalgame\debug\vc120.idb
e:\hk hè\git game\ctfinalgame\ctfinalgame\ctfinalgame\debug\gametime.obj
e:\hk hè\git game\ctfinalgame\ctfinalgame\ctfinalgame\debug\graphics.obj
e:\hk hè\git game\ctfinalgame\ctfinalgame\ctfinalgame\debug\icomponent.obj
e:\hk hè\git game\ctfinalgame\ctfinalgame\ctfinalgame\debug\inputcontroller.obj
e:\hk hè\git game\ctfinalgame\ctfinalgame\ctfinalgame\debug\playscene.obj
e:\hk hè\git game\ctfinalgame\ctfinalgame\ctfinalgame\debug\scene.obj
e:\hk hè\git game\ctfinalgame\ctfinalgame\ctfinalgame\debug\scenemanager.obj
e:\hk hè\git game\ctfinalgame\ctfinalgame\ctfinalgame\debug\sprite.obj
e:\hk hè\git game\ctfinalgame\ctfinalgame\ctfinalgame\debug\spritemanager.obj
e:\hk hè\git game\ctfinalgame\ctfinalgame\ctfinalgame\debug\texture.obj
e:\hk hè\git game\ctfinalgame\ctfinalgame\ctfinalgame\debug\timespan.obj
e:\hk hè\git game\ctfinalgame\ctfinalgame\ctfinalgame\debug\transformable.obj
e:\hk hè\git game\ctfinalgame\ctfinalgame\ctfinalgame\debug\viewport.obj
e:\hk hè\git game\ctfinalgame\ctfinalgame\ctfinalgame\debug\game.obj
e:\hk hè\git game\ctfinalgame\ctfinalgame\ctfinalgame\debug\land.obj
e:\hk hè\git game\ctfinalgame\ctfinalgame\ctfinalgame\debug\baseenemy.obj
e:\hk hè\git game\ctfinalgame\ctfinalgame\ctfinalgame\debug\soldier.obj
e:\hk hè\git game\ctfinalgame\ctfinalgame\ctfinalgame\debug\stopwatch.obj
e:\hk hè\git game\ctfinalgame\ctfinalgame\ctfinalgame\debug\wallturret.obj
e:\hk hè\git game\ctfinalgame\ctfinalgame\ctfinalgame\debug\baseobject.obj
e:\hk hè\git game\ctfinalgame\ctfinalgame\ctfinalgame\debug\bridge.obj
e:\hk hè\git game\ctfinalgame\ctfinalgame\ctfinalgame\debug\contragame.obj
e:\hk hè\git game\ctfinalgame\ctfinalgame\ctfinalgame\debug\ctfinalgame.obj
e:\hk hè\git game\ctfinalgame\ctfinalgame\ctfinalgame\debug\explosion.obj
e:\hk hè\git game\ctfinalgame\ctfinalgame\ctfinalgame\debug\animation.obj
e:\hk hè\git game\ctfinalgame\ctfinalgame\ctfinalgame\debug\devicemanager.obj
e:\hk hè\git game\ctfinalgame\ctfinalgame\ctfinalgame\debug\event.obj
e:\hk hè\git game\ctfinalgame\ctfinalgame\ctfinalgame\debug\bill.obj
e:\hk hè\git game\ctfinalgame\ctfinalgame\debug\ctfinalgame.pdb
e:\hk hè\git game\ctfinalgame\ctfinalgame\ctfinalgame\debug\ctfinalgame.tlog\cl.command.1.tlog
e:\hk hè\git game\ctfinalgame\ctfinalgame\ctfinalgame\debug\ctfinalgame.tlog\cl.read.1.tlog
e:\hk hè\git game\ctfinalgame\ctfinalgame\ctfinalgame\debug\ctfinalgame.tlog\cl.write.1.tlog
e:\hk hè\git game\ctfinalgame\ctfinalgame\ctfinalgame\debug\ctfinalgame.tlog\link-cvtres.read.1.tlog
e:\hk hè\git game\ctfinalgame\ctfinalgame\ctfinalgame\debug\ctfinalgame.tlog\link-cvtres.write.1.tlog
e:\hk hè\git game\ctfinalgame\ctfinalgame\ctfinalgame\debug\ctfinalgame.tlog\link-rc.read.1.tlog
e:\hk hè\git game\ctfinalgame\ctfinalgame\ctfinalgame\debug\ctfinalgame.tlog\link-rc.write.1.tlog
e:\hk hè\git game\ctfinalgame\ctfinalgame\ctfinalgame\debug\ctfinalgame.tlog\link.command.1.tlog
e:\hk hè\git game\ctfinalgame\ctfinalgame\ctfinalgame\debug\ctfinalgame.tlog\link.read.1.tlog
e:\hk hè\git game\ctfinalgame\ctfinalgame\ctfinalgame\debug\ctfinalgame.tlog\link.write.1.tlog
